[debug] [2026-03-05T06:40:17.520Z] ----------------------------------------------------------------------
[debug] [2026-03-05T06:40:17.528Z] Command:       C:\Program Files\nodejs\node.exe C:\Users\91787\AppData\Roaming\npm\node_modules\firebase-tools\lib\bin\firebase.js deploy --only firestore:rules
[debug] [2026-03-05T06:40:17.529Z] CLI Version:   15.2.1
[debug] [2026-03-05T06:40:17.529Z] Platform:      win32
[debug] [2026-03-05T06:40:17.529Z] Node Version:  v24.11.0
[debug] [2026-03-05T06:40:17.529Z] Time:          Thu Mar 05 2026 12:10:17 GMT+0530 (India Standard Time)
[debug] [2026-03-05T06:40:17.530Z] ----------------------------------------------------------------------
[debug] 
[debug] [2026-03-05T06:40:22.631Z] > command requires scopes: ["email","openid","https://www.googleapis.com/auth/cloudplatformprojects.readonly","https://www.googleapis.com/auth/firebase","https://www.googleapis.com/auth/cloud-platform"]
[debug] [2026-03-05T06:40:22.633Z] > authorizing via signed-in user (sarvesh.katkar24@vit.edu)
[debug] [2026-03-05T06:40:22.633Z] [iam] checking project neurolock-17d80 for permissions ["datastore.indexes.create","datastore.indexes.delete","datastore.indexes.list","datastore.indexes.update","firebase.projects.get"]
[debug] [2026-03-05T06:40:22.635Z] Checked if tokens are valid: true, expires at: 1772696201918
[debug] [2026-03-05T06:40:22.635Z] Checked if tokens are valid: true, expires at: 1772696201918
[debug] [2026-03-05T06:40:22.636Z] >>> [apiv2][query] POST https://cloudresourcemanager.googleapis.com/v1/projects/neurolock-17d80:testIamPermissions [none]
[debug] [2026-03-05T06:40:22.636Z] >>> [apiv2][(partial)header] POST https://cloudresourcemanager.googleapis.com/v1/projects/neurolock-17d80:testIamPermissions x-goog-quota-user=projects/neurolock-17d80
[debug] [2026-03-05T06:40:22.637Z] >>> [apiv2][body] POST https://cloudresourcemanager.googleapis.com/v1/projects/neurolock-17d80:testIamPermissions {"permissions":["datastore.indexes.create","datastore.indexes.delete","datastore.indexes.list","datastore.indexes.update","firebase.projects.get"]}
[debug] [2026-03-05T06:40:24.287Z] <<< [apiv2][status] POST https://cloudresourcemanager.googleapis.com/v1/projects/neurolock-17d80:testIamPermissions 200
[debug] [2026-03-05T06:40:24.287Z] <<< [apiv2][body] POST https://cloudresourcemanager.googleapis.com/v1/projects/neurolock-17d80:testIamPermissions {"permissions":["datastore.indexes.create","datastore.indexes.delete","datastore.indexes.list","datastore.indexes.update","firebase.projects.get"]}
[info] 
[info] === Deploying to 'neurolock-17d80'...
[info] 
[info] i  deploying firestore 
[info] i  firestore: ensuring required API firestore.googleapis.com is enabled... 
[info] i  firestore: ensuring required API firestore.googleapis.com is enabled... 
[debug] [2026-03-05T06:40:24.296Z] Checked if tokens are valid: true, expires at: 1772696201918
[debug] [2026-03-05T06:40:24.296Z] Checked if tokens are valid: true, expires at: 1772696201918
[debug] [2026-03-05T06:40:24.296Z] >>> [apiv2][query] GET https://firestore.googleapis.com/v1/projects/neurolock-17d80/databases/(default) [none]
[debug] [2026-03-05T06:40:26.119Z] <<< [apiv2][status] GET https://firestore.googleapis.com/v1/projects/neurolock-17d80/databases/(default) 200
[debug] [2026-03-05T06:40:26.119Z] <<< [apiv2][body] GET https://firestore.googleapis.com/v1/projects/neurolock-17d80/databases/(default) {"name":"projects/neurolock-17d80/databases/(default)","uid":"71ff2276-91d7-4f8b-9e9a-559fcf47201c","createTime":"2026-03-02T14:24:58.039838Z","updateTime":"2026-03-02T14:24:58.039838Z","locationId":"nam5","type":"FIRESTORE_NATIVE","concurrencyMode":"PESSIMISTIC","versionRetentionPeriod":"3600s","earliestVersionTime":"2026-03-05T05:40:26.068032Z","appEngineIntegrationMode":"DISABLED","keyPrefix":"s","pointInTimeRecoveryEnablement":"POINT_IN_TIME_RECOVERY_DISABLED","deleteProtectionState":"DELETE_PROTECTION_DISABLED","databaseEdition":"STANDARD","freeTier":true,"realtimeUpdatesMode":"REALTIME_UPDATES_MODE_ENABLED","etag":"INikxrGTiJMDMICxtavog5MD"}
[info] i  cloud.firestore: checking firestore.rules for compilation errors... 
[debug] [2026-03-05T06:40:26.120Z] Checked if tokens are valid: true, expires at: 1772696201918
[debug] [2026-03-05T06:40:26.120Z] Checked if tokens are valid: true, expires at: 1772696201918
[debug] [2026-03-05T06:40:26.121Z] >>> [apiv2][query] POST https://firebaserules.googleapis.com/v1/projects/neurolock-17d80:test [none]
[debug] [2026-03-05T06:40:26.121Z] >>> [apiv2][body] POST https://firebaserules.googleapis.com/v1/projects/neurolock-17d80:test [omitted]
[debug] [2026-03-05T06:40:27.502Z] <<< [apiv2][status] POST https://firebaserules.googleapis.com/v1/projects/neurolock-17d80:test 200
[debug] [2026-03-05T06:40:27.502Z] <<< [apiv2][body] POST https://firebaserules.googleapis.com/v1/projects/neurolock-17d80:test {}
[info] +  cloud.firestore: rules file firestore.rules compiled successfully 
[debug] [2026-03-05T06:40:27.503Z] Checked if tokens are valid: true, expires at: 1772696201918
[debug] [2026-03-05T06:40:27.504Z] Checked if tokens are valid: true, expires at: 1772696201918
[debug] [2026-03-05T06:40:27.508Z] >>> [apiv2][query] GET https://firebaserules.googleapis.com/v1/projects/neurolock-17d80/releases pageSize=10&pageToken=
[debug] [2026-03-05T06:40:28.871Z] <<< [apiv2][status] GET https://firebaserules.googleapis.com/v1/projects/neurolock-17d80/releases 200
[debug] [2026-03-05T06:40:28.874Z] <<< [apiv2][body] GET https://firebaserules.googleapis.com/v1/projects/neurolock-17d80/releases {"releases":[{"name":"projects/neurolock-17d80/releases/cloud.firestore","rulesetName":"projects/neurolock-17d80/rulesets/03691889-85f7-40f8-836c-8e522202a0e9","createTime":"2026-03-03T13:25:41.454278Z","updateTime":"2026-03-03T13:25:41.454278Z"}]}
[debug] [2026-03-05T06:40:28.875Z] Checked if tokens are valid: true, expires at: 1772696201918
[debug] [2026-03-05T06:40:28.875Z] Checked if tokens are valid: true, expires at: 1772696201918
[debug] [2026-03-05T06:40:28.876Z] >>> [apiv2][query] GET https://firebaserules.googleapis.com/v1/projects/neurolock-17d80/rulesets/03691889-85f7-40f8-836c-8e522202a0e9 [none]
[debug] [2026-03-05T06:40:30.296Z] <<< [apiv2][status] GET https://firebaserules.googleapis.com/v1/projects/neurolock-17d80/rulesets/03691889-85f7-40f8-836c-8e522202a0e9 200
[debug] [2026-03-05T06:40:30.296Z] <<< [apiv2][body] GET https://firebaserules.googleapis.com/v1/projects/neurolock-17d80/rulesets/03691889-85f7-40f8-836c-8e522202a0e9 [omitted]
[info] i  firestore: uploading rules firestore.rules... 
[debug] [2026-03-05T06:40:30.297Z] Checked if tokens are valid: true, expires at: 1772696201918
[debug] [2026-03-05T06:40:30.297Z] Checked if tokens are valid: true, expires at: 1772696201918
[debug] [2026-03-05T06:40:30.298Z] >>> [apiv2][query] POST https://firebaserules.googleapis.com/v1/projects/neurolock-17d80/rulesets [none]
[debug] [2026-03-05T06:40:30.298Z] >>> [apiv2][body] POST https://firebaserules.googleapis.com/v1/projects/neurolock-17d80/rulesets [omitted]
[debug] [2026-03-05T06:40:31.651Z] <<< [apiv2][status] POST https://firebaserules.googleapis.com/v1/projects/neurolock-17d80/rulesets 200
[debug] [2026-03-05T06:40:31.651Z] <<< [apiv2][body] POST https://firebaserules.googleapis.com/v1/projects/neurolock-17d80/rulesets {"name":"projects/neurolock-17d80/rulesets/38cd2ce2-a25b-469e-9078-62d3220aa980","source":{"files":[{"content":"rules_version = '2';\nservice cloud.firestore {\n  match /databases/{database}/documents {\n    match /ble_logs/{logId} {\n      allow read, write: if request.auth != null\n        && request.auth.token.email is string\n        && request.auth.token.email.matches('(?i).*\\\\.edu$');\n    }\n\n    match /{document=**} {\n      allow read, write: if false;\n    }\n  }\n}","name":"firestore.rules"}]},"createTime":"2026-03-05T06:40:31.621919Z","metadata":{"services":["cloud.firestore"]}}
[debug] [2026-03-05T06:40:31.652Z] [rules] created ruleset projects/neurolock-17d80/rulesets/38cd2ce2-a25b-469e-9078-62d3220aa980
[debug] [2026-03-05T06:40:31.652Z] [rules] releasing cloud.firestore/(default) with ruleset projects/neurolock-17d80/rulesets/38cd2ce2-a25b-469e-9078-62d3220aa980
[debug] [2026-03-05T06:40:31.653Z] Checked if tokens are valid: true, expires at: 1772696201918
[debug] [2026-03-05T06:40:31.653Z] Checked if tokens are valid: true, expires at: 1772696201918
[debug] [2026-03-05T06:40:31.653Z] >>> [apiv2][query] PATCH https://firebaserules.googleapis.com/v1/projects/neurolock-17d80/releases/cloud.firestore/(default) [none]
[debug] [2026-03-05T06:40:31.653Z] >>> [apiv2][body] PATCH https://firebaserules.googleapis.com/v1/projects/neurolock-17d80/releases/cloud.firestore/(default) {"release":{"name":"projects/neurolock-17d80/releases/cloud.firestore/(default)","rulesetName":"projects/neurolock-17d80/rulesets/38cd2ce2-a25b-469e-9078-62d3220aa980"}}
[debug] [2026-03-05T06:40:32.253Z] <<< [apiv2][status] PATCH https://firebaserules.googleapis.com/v1/projects/neurolock-17d80/releases/cloud.firestore/(default) 200
[debug] [2026-03-05T06:40:32.253Z] <<< [apiv2][body] PATCH https://firebaserules.googleapis.com/v1/projects/neurolock-17d80/releases/cloud.firestore/(default) {"name":"projects/neurolock-17d80/releases/cloud.firestore","rulesetName":"projects/neurolock-17d80/rulesets/38cd2ce2-a25b-469e-9078-62d3220aa980","createTime":"2026-03-03T13:25:41.454278Z","updateTime":"2026-03-05T06:40:32.190172Z"}
[debug] [2026-03-05T06:40:32.253Z] [rules] updated release projects/neurolock-17d80/releases/cloud.firestore
[info] +  firestore: released rules firestore.rules to cloud.firestore 
[info] 
[info] +  Deploy complete! 
[info] 
[info] Project Console: https://console.firebase.google.com/project/neurolock-17d80/overview
